<?xml version="1.0" encoding="utf-8"?><testsuites name="pytest tests"><testsuite name="pytest" errors="0" failures="0" skipped="0" tests="16" time="3.423" timestamp="2026-02-21T22:46:04.556126+00:00" hostname="agent-env-7bfab0f8-bbb7-4cec-890d-f57b133430dc"><testcase classname="backend.tests.test_guest_mode.TestPublicEndpoints" name="test_health_check" time="0.188" /><testcase classname="backend.tests.test_guest_mode.TestPublicEndpoints" name="test_get_stations_public" time="0.130" /><testcase classname="backend.tests.test_guest_mode.TestPublicEndpoints" name="test_get_nearby_stations_public" time="0.128" /><testcase classname="backend.tests.test_guest_mode.TestPublicEndpoints" name="test_nearby_stations_with_filters" time="0.310" /><testcase classname="backend.tests.test_guest_mode.TestPublicEndpoints" name="test_get_station_detail_public" time="0.266" /><testcase classname="backend.tests.test_guest_mode.TestPublicEndpoints" name="test_get_station_pricing_public" time="0.249" /><testcase classname="backend.tests.test_guest_mode.TestPublicEndpoints" name="test_get_charger_status_public" time="0.245" /><testcase classname="backend.tests.test_guest_mode.TestPublicEndpoints" name="test_nfc_resolve_public" time="0.263" /><testcase classname="backend.tests.test_guest_mode.TestAuthRequiredEndpoints" name="test_sessions_start_requires_auth" time="0.138" /><testcase classname="backend.tests.test_guest_mode.TestAuthRequiredEndpoints" name="test_session_history_requires_auth" time="0.121" /><testcase classname="backend.tests.test_guest_mode.TestAuthRequiredEndpoints" name="test_user_me_requires_auth" time="0.168" /><testcase classname="backend.tests.test_guest_mode.TestAuthRequiredEndpoints" name="test_add_payment_requires_auth" time="0.121" /><testcase classname="backend.tests.test_guest_mode.TestAuthRequiredEndpoints" name="test_nfc_token_provision_requires_auth" time="0.118" /><testcase classname="backend.tests.test_guest_mode.TestAuthFlow" name="test_login_with_valid_credentials" time="0.353" /><testcase classname="backend.tests.test_guest_mode.TestAuthFlow" name="test_login_with_invalid_credentials" time="0.110" /><testcase classname="backend.tests.test_guest_mode.TestAuthFlow" name="test_authenticated_session_history" time="0.456" /></testsuite></testsuites>