<?xml version="1.0" encoding="utf-8"?><testsuites name="pytest tests"><testsuite name="pytest" errors="0" failures="0" skipped="0" tests="9" time="3.242" timestamp="2026-02-21T21:32:55.490395+00:00" hostname="agent-env-7bfab0f8-bbb7-4cec-890d-f57b133430dc"><testcase classname="tests.test_nfc_endpoints.TestHealthAndBasicEndpoints" name="test_health_endpoint" time="0.240" /><testcase classname="tests.test_nfc_endpoints.TestHealthAndBasicEndpoints" name="test_root_endpoint" time="0.108" /><testcase classname="tests.test_nfc_endpoints.TestNfcTokenEndpoints" name="test_nfc_token_provision_requires_auth" time="0.136" /><testcase classname="tests.test_nfc_endpoints.TestNfcTokenEndpoints" name="test_nfc_token_provision_requires_payment_method" time="0.502" /><testcase classname="tests.test_nfc_endpoints.TestNfcTokenEndpoints" name="test_nfc_token_provision_success" time="0.591" /><testcase classname="tests.test_nfc_endpoints.TestNfcTokenEndpoints" name="test_nfc_token_status_endpoint" time="0.650" /><testcase classname="tests.test_nfc_endpoints.TestNfcTokenEndpoints" name="test_nfc_provision_blocks_rooted_devices" time="0.640" /><testcase classname="tests.test_nfc_endpoints.TestStationEndpoints" name="test_stations_list" time="0.147" /><testcase classname="tests.test_nfc_endpoints.TestStationEndpoints" name="test_nearby_stations" time="0.124" /></testsuite></testsuites>